<?xml version="1.0" encoding="UTF-8"?>
<!-- Generated by org.testng.reporters.JUnitReportReporter -->
<testsuite skipped="0" hostname="ANKIT" name="QAclickacademy.APITest" tests="2" failures="0" timestamp="04 Jun 2019 15:41:45 GMT" time="0.044" errors="0">
  <testcase name="SecondCase" time="0.001" classname="QAclickacademy.APITest"/>
  <testcase name="Demo" time="0.043" classname="QAclickacademy.APITest"/>
</testsuite> <!-- QAclickacademy.APITest -->
