<?xml version="1.0" encoding="UTF-8"?>
<!-- Generated by org.testng.reporters.JUnitReportReporter -->
<testsuite skipped="0" hostname="ANKIT" name="QAclickacademy.SeleniumTest" tests="2" failures="0" timestamp="04 Jun 2019 15:41:45 GMT" time="0.012" errors="0">
  <testcase name="SecondCase" time="0.009" classname="QAclickacademy.SeleniumTest"/>
  <testcase name="Demo" time="0.003" classname="QAclickacademy.SeleniumTest"/>
</testsuite> <!-- QAclickacademy.SeleniumTest -->
